<?xml version="1.0" encoding="UTF-8"?>
<!-- Generated by org.testng.reporters.JUnitReportReporter -->
<testsuite hostname="DESKTOP-7SHB2PA" failures="0" tests="2" name="ProjectTest.Test1.TestNG1$SimpleTest" time="0.020" errors="0" timestamp="2025-07-17T19:15:27 BOT" skipped="0">
  <testcase classname="ProjectTest.Test1.TestNG1$SimpleTest" name="aFastTest" time="0.008"/>
  <testcase classname="ProjectTest.Test1.TestNG1$SimpleTest" name="aSlowTest" time="0.012"/>
</testsuite> <!-- ProjectTest.Test1.TestNG1$SimpleTest -->
