<?xml version="1.0" encoding="UTF-8"?>
<!-- Generated by org.testng.reporters.JUnitReportReporter -->
<testsuite hostname="DESKTOP-7SHB2PA" failures="0" tests="2" name="ProjectTest.Test1.SauceDemoTest1" time="8.281" errors="0" timestamp="2025-07-22T15:28:04 BOT" skipped="0">
  <testcase classname="ProjectTest.Test1.SauceDemoTest1" name="LoginExitoso" time="1.416"/>
  <testcase classname="ProjectTest.Test1.SauceDemoTest1" name="LoginFallido" time="6.865"/>
</testsuite> <!-- ProjectTest.Test1.SauceDemoTest1 -->
