<?xml version="1.0" encoding="UTF-8"?>
<!-- Generated by org.testng.reporters.JUnitReportReporter -->
<testsuite hostname="DESKTOP-7SHB2PA" failures="0" tests="2" name="ProjectTest.Test1.AnnotationTestNG" time="0.027" errors="0" timestamp="2025-07-14T22:51:02 BOT" skipped="0">
  <testcase classname="ProjectTest.Test1.AnnotationTestNG" name="testMethod1" time="0.017"/>
  <testcase classname="ProjectTest.Test1.AnnotationTestNG" name="testMethod2" time="0.010"/>
</testsuite> <!-- ProjectTest.Test1.AnnotationTestNG -->
